2025-12-23 20:00:41,317 - root - INFO - Loading original images...
2025-12-23 20:00:41,504 - root - INFO - Original images loaded successfully.
2025-12-23 20:00:41,504 - root - INFO - Transforming and augmenting data for model training...
2025-12-23 20:03:01,383 - root - INFO - Loading original images...
2025-12-23 20:03:01,562 - root - INFO - Original images loaded successfully.
2025-12-23 20:03:01,562 - root - INFO - Transforming and augmenting data for model training...
2025-12-23 20:03:01,694 - root - INFO - Training and validation datasets successfully created.
2025-12-23 20:06:34,886 - root - INFO - Loading original images...
2025-12-23 20:06:35,074 - root - INFO - Original images loaded successfully.
2025-12-23 20:06:35,074 - root - INFO - Transforming and augmenting data for model training...
2025-12-23 20:06:35,234 - root - INFO - Training and validation datasets successfully created.
2025-12-23 20:07:23,628 - root - INFO - Loading original images...
2025-12-23 20:07:23,809 - root - INFO - Original images loaded successfully.
2025-12-23 20:07:23,809 - root - INFO - Transforming and augmenting data for model training...
2025-12-23 20:07:23,952 - root - INFO - Training and validation datasets successfully created.
2025-12-23 20:07:51,454 - root - INFO - Loading original images...
2025-12-23 20:07:51,635 - root - INFO - Original images loaded successfully.
2025-12-23 20:07:51,635 - root - INFO - Transforming and augmenting data for model training...
2025-12-23 20:07:51,779 - root - INFO - Training and validation datasets successfully created.
2025-12-23 20:07:51,779 - root - INFO - Callbacks defined
2025-12-23 20:07:51,779 - root - INFO - Creating model definition
2025-12-23 20:07:51,782 - root - INFO - Compiling model
2025-12-23 20:07:51,784 - root - INFO - Beginning model training...
2025-12-23 20:18:12,454 - root - INFO - Loading original images...
2025-12-23 20:18:12,647 - root - INFO - Original images loaded successfully.
2025-12-23 20:18:12,647 - root - INFO - Transforming and augmenting data for model training...
2025-12-23 20:18:12,789 - root - INFO - Training and validation datasets successfully created.
2025-12-23 20:18:12,789 - root - INFO - Callbacks defined
2025-12-23 20:18:12,789 - root - INFO - Creating model definition
2025-12-23 20:18:12,793 - root - INFO - Compiling model
2025-12-23 20:18:12,795 - root - INFO - Beginning model training...
2025-12-23 20:29:44,647 - root - INFO - Model training complete
2025-12-23 20:29:44,722 - root - INFO - Model architecturs and weights saved to saved_models/custom_model.keras
