2026-01-03 13:27:09,521 - root - INFO - Loading original images...
2026-01-03 13:27:09,701 - root - INFO - Original images loaded successfully.
2026-01-03 13:27:09,701 - root - INFO - Transforming and augmenting data for model training...
2026-01-03 13:27:09,845 - root - INFO - Training and validation datasets successfully created.
2026-01-03 13:27:09,845 - root - INFO - Callbacks defined
2026-01-03 13:27:09,845 - root - INFO - Creating model definition
2026-01-03 13:27:09,848 - root - INFO - Compiling model
2026-01-03 13:27:09,850 - root - INFO - Beginning model training...
2026-01-03 13:33:34,049 - root - INFO - Loading original images...
2026-01-03 13:34:21,121 - root - INFO - Loading original images...
2026-01-03 13:36:36,523 - root - INFO - Loading original images...
2026-01-03 13:41:57,442 - root - INFO - Loading original images...
2026-01-03 13:42:13,271 - root - INFO - Loading original images...
2026-01-03 13:45:41,871 - root - INFO - Loading original images...
2026-01-03 13:58:00,716 - root - INFO - Loading original images...
2026-01-03 13:58:00,894 - root - INFO - Original images loaded successfully.
2026-01-03 13:58:00,894 - root - INFO - Transforming and augmenting data for model training...
2026-01-03 13:58:01,043 - root - INFO - Training and validation datasets successfully created.
2026-01-03 13:58:01,043 - root - INFO - Callbacks defined
2026-01-03 13:58:01,043 - root - INFO - Creating model definition
2026-01-03 13:58:01,046 - root - INFO - Compiling model
2026-01-03 13:58:01,048 - root - INFO - Beginning model training...
2026-01-03 14:00:11,097 - root - INFO - Loading original images...
2026-01-03 14:00:11,277 - root - INFO - Original images loaded successfully.
2026-01-03 14:00:11,277 - root - INFO - Transforming and augmenting data for model training...
2026-01-03 14:00:11,417 - root - INFO - Training and validation datasets successfully created.
2026-01-03 14:00:11,417 - root - INFO - Callbacks defined
2026-01-03 14:00:11,417 - root - INFO - Creating model definition
2026-01-03 14:00:11,420 - root - INFO - Compiling model
2026-01-03 14:00:11,422 - root - INFO - Beginning model training...
2026-01-03 14:11:20,635 - root - INFO - Model training complete
2026-01-03 14:11:20,706 - root - INFO - Model architecturs and weights saved to saved_models/custom_model.keras
2026-01-03 19:08:29,174 - root - INFO - Loading original images...
2026-01-03 19:08:29,348 - root - INFO - Original images loaded successfully.
2026-01-03 19:08:29,348 - root - INFO - Transforming and augmenting data for model training...
2026-01-03 19:08:29,497 - root - INFO - Training and validation datasets successfully created.
2026-01-03 19:08:29,497 - root - INFO - Callbacks defined
2026-01-03 19:08:29,498 - root - INFO - Creating model definition
2026-01-03 19:08:29,501 - root - INFO - Compiling model
2026-01-03 19:08:29,502 - root - INFO - Beginning model training...
2026-01-03 19:19:15,052 - root - INFO - Model training complete
2026-01-03 19:19:15,130 - root - INFO - Model architecturs and weights saved to saved_models/custom_model.keras
